<?xml version="1.0" encoding="UTF-8"?>
<testsuite name="ServerTest" tests="1" skipped="0" failures="0" errors="0" timestamp="2022-11-16T09:31:03" hostname="yar-HN-WX9X" time="0.173">
  <properties/>
  <testcase name="server should return OK hello world response()" classname="ServerTest" time="0.173"/>
  <system-out><![CDATA[]]></system-out>
  <system-err><![CDATA[log4j:WARN No appenders could be found for logger (Server).
log4j:WARN Please initialize the log4j system properly.
log4j:WARN See http://logging.apache.org/log4j/1.2/faq.html#noconfig for more info.
]]></system-err>
</testsuite>
